# JRE version: Java(TM) SE Runtime Environment (8.0_212-b10) (build 1.8.0_212-b10)
# Java VM: Java HotSpot(TM) 64-Bit Server VM (25.212-b10 mixed mode windows-amd64 compressed oops)
Heap:
 PSYoungGen      total 251392K, used 49135K [0x00000000eae00000, 0x00000000fbf00000, 0x0000000100000000)
  eden space 238592K, 15% used [0x00000000eae00000,0x00000000ed22e620,0x00000000f9700000)
  from space 12800K, 94% used [0x00000000fb280000,0x00000000fbe4d988,0x00000000fbf00000)
  to   space 20480K, 0% used [0x00000000f9700000,0x00000000f9700000,0x00000000fab00000)
 ParOldGen       total 77312K, used 30631K [0x00000000c0a00000, 0x00000000c5580000, 0x00000000eae00000)
  object space 77312K, 39% used [0x00000000c0a00000,0x00000000c27e9f38,0x00000000c5580000)
 Metaspace       used 65681K, capacity 69384K, committed 69504K, reserved 1110016K
  class space    used 8978K, capacity 9564K, committed 9600K, reserved 1048576K
GC Heap History (10 events):
Event: 3.986 GC heap before
{Heap before GC invocations=13 (full 2):
 PSYoungGen      total 155136K, used 144384K [0x00000000eae00000, 0x00000000f7380000, 0x0000000100000000)
  eden space 144384K, 100% used [0x00000000eae00000,0x00000000f3b00000,0x00000000f3b00000)
  from space 10752K, 0% used [0x00000000f4a00000,0x00000000f4a00000,0x00000000f5480000)
  to   space 15360K, 0% used [0x00000000f3b00000,0x00000000f3b00000,0x00000000f4a00000)
 ParOldGen       total 60416K, used 24002K [0x00000000c0a00000, 0x00000000c4500000, 0x00000000eae00000)
  object space 60416K, 39% used [0x00000000c0a00000,0x00000000c2170b78,0x00000000c4500000)
 Metaspace       used 42691K, capacity 44552K, committed 44928K, reserved 1087488K
  class space    used 5803K, capacity 6152K, committed 6272K, reserved 1048576K
Event: 3.995 GC heap after
Heap after GC invocations=13 (full 2):
 PSYoungGen      total 159744K, used 10445K [0x00000000eae00000, 0x00000000f8700000, 0x0000000100000000)
  eden space 144384K, 0% used [0x00000000eae00000,0x00000000eae00000,0x00000000f3b00000)
  from space 15360K, 68% used [0x00000000f3b00000,0x00000000f45334a8,0x00000000f4a00000)
  to   space 15872K, 0% used [0x00000000f7780000,0x00000000f7780000,0x00000000f8700000)
 ParOldGen       total 60416K, used 24010K [0x00000000c0a00000, 0x00000000c4500000, 0x00000000eae00000)
  object space 60416K, 39% used [0x00000000c0a00000,0x00000000c2172b78,0x00000000c4500000)
 Metaspace       used 42691K, capacity 44552K, committed 44928K, reserved 1087488K
  class space    used 5803K, capacity 6152K, committed 6272K, reserved 1048576K
}
Event: 7.193 GC heap before
{Heap before GC invocations=14 (full 2):
 PSYoungGen      total 159744K, used 154829K [0x00000000eae00000, 0x00000000f8700000, 0x0000000100000000)
  eden space 144384K, 100% used [0x00000000eae00000,0x00000000f3b00000,0x00000000f3b00000)
  from space 15360K, 68% used [0x00000000f3b00000,0x00000000f45334a8,0x00000000f4a00000)
  to   space 15872K, 0% used [0x00000000f7780000,0x00000000f7780000,0x00000000f8700000)
 ParOldGen       total 60416K, used 24010K [0x00000000c0a00000, 0x00000000c4500000, 0x00000000eae00000)
  object space 60416K, 39% used [0x00000000c0a00000,0x00000000c2172b78,0x00000000c4500000)
 Metaspace       used 55528K, capacity 58022K, committed 58240K, reserved 1099776K
  class space    used 7585K, capacity 8027K, committed 8064K, reserved 1048576K
Event: 7.211 GC heap after
Heap after GC invocations=14 (full 2):
 PSYoungGen      total 201728K, used 15841K [0x00000000eae00000, 0x00000000f8a80000, 0x0000000100000000)
  eden space 185856K, 0% used [0x00000000eae00000,0x00000000eae00000,0x00000000f6380000)
  from space 15872K, 99% used [0x00000000f7780000,0x00000000f86f8670,0x00000000f8700000)
  to   space 19968K, 0% used [0x00000000f6380000,0x00000000f6380000,0x00000000f7700000)
 ParOldGen       total 60416K, used 27619K [0x00000000c0a00000, 0x00000000c4500000, 0x00000000eae00000)
  object space 60416K, 45% used [0x00000000c0a00000,0x00000000c24f8e18,0x00000000c4500000)
 Metaspace       used 55528K, capacity 58022K, committed 58240K, reserved 1099776K
  class space    used 7585K, capacity 8027K, committed 8064K, reserved 1048576K
}
Event: 7.383 GC heap before
{Heap before GC invocations=15 (full 2):
 PSYoungGen      total 201728K, used 39557K [0x00000000eae00000, 0x00000000f8a80000, 0x0000000100000000)
  eden space 185856K, 12% used [0x00000000eae00000,0x00000000ec528d90,0x00000000f6380000)
  from space 15872K, 99% used [0x00000000f7780000,0x00000000f86f8670,0x00000000f8700000)
  to   space 19968K, 0% used [0x00000000f6380000,0x00000000f6380000,0x00000000f7700000)
 ParOldGen       total 60416K, used 27619K [0x00000000c0a00000, 0x00000000c4500000, 0x00000000eae00000)
  object space 60416K, 45% used [0x00000000c0a00000,0x00000000c24f8e18,0x00000000c4500000)
 Metaspace       used 56457K, capacity 58912K, committed 59028K, reserved 1099776K
  class space    used 7684K, capacity 8128K, committed 8192K, reserved 1048576K
Event: 7.392 GC heap after
Heap after GC invocations=15 (full 2):
 PSYoungGen      total 205824K, used 1943K [0x00000000eae00000, 0x00000000fc600000, 0x0000000100000000)
  eden space 185856K, 0% used [0x00000000eae00000,0x00000000eae00000,0x00000000f6380000)
  from space 19968K, 9% used [0x00000000f6380000,0x00000000f6565f78,0x00000000f7700000)
  to   space 19968K, 0% used [0x00000000fb280000,0x00000000fb280000,0x00000000fc600000)
 ParOldGen       total 60416K, used 34577K [0x00000000c0a00000, 0x00000000c4500000, 0x00000000eae00000)
  object space 60416K, 57% used [0x00000000c0a00000,0x00000000c2bc4738,0x00000000c4500000)
 Metaspace       used 56457K, capacity 58912K, committed 59028K, reserved 1099776K
  class space    used 7684K, capacity 8128K, committed 8192K, reserved 1048576K
}
Event: 7.392 GC heap before
{Heap before GC invocations=16 (full 3):
 PSYoungGen      total 205824K, used 1943K [0x00000000eae00000, 0x00000000fc600000, 0x0000000100000000)
  eden space 185856K, 0% used [0x00000000eae00000,0x00000000eae00000,0x00000000f6380000)
  from space 19968K, 9% used [0x00000000f6380000,0x00000000f6565f78,0x00000000f7700000)
  to   space 19968K, 0% used [0x00000000fb280000,0x00000000fb280000,0x00000000fc600000)
 ParOldGen       total 60416K, used 34577K [0x00000000c0a00000, 0x00000000c4500000, 0x00000000eae00000)
  object space 60416K, 57% used [0x00000000c0a00000,0x00000000c2bc4738,0x00000000c4500000)
 Metaspace       used 56457K, capacity 58912K, committed 59028K, reserved 1099776K
  class space    used 7684K, capacity 8128K, committed 8192K, reserved 1048576K
Event: 7.505 GC heap after
Heap after GC invocations=16 (full 3):
 PSYoungGen      total 205824K, used 0K [0x00000000eae00000, 0x00000000fc600000, 0x0000000100000000)
  eden space 185856K, 0% used [0x00000000eae00000,0x00000000eae00000,0x00000000f6380000)
  from space 19968K, 0% used [0x00000000f6380000,0x00000000f6380000,0x00000000f7700000)
  to   space 19968K, 0% used [0x00000000fb280000,0x00000000fb280000,0x00000000fc600000)
 ParOldGen       total 77312K, used 30623K [0x00000000c0a00000, 0x00000000c5580000, 0x00000000eae00000)
  object space 77312K, 39% used [0x00000000c0a00000,0x00000000c27e7f38,0x00000000c5580000)
 Metaspace       used 56457K, capacity 58912K, committed 59028K, reserved 1099776K
  class space    used 7684K, capacity 8128K, committed 8192K, reserved 1048576K
}
Event: 128.745 GC heap before
{Heap before GC invocations=17 (full 3):
 PSYoungGen      total 205824K, used 185856K [0x00000000eae00000, 0x00000000fc600000, 0x0000000100000000)
  eden space 185856K, 100% used [0x00000000eae00000,0x00000000f6380000,0x00000000f6380000)
  from space 19968K, 0% used [0x00000000f6380000,0x00000000f6380000,0x00000000f7700000)
  to   space 19968K, 0% used [0x00000000fb280000,0x00000000fb280000,0x00000000fc600000)
 ParOldGen       total 77312K, used 30623K [0x00000000c0a00000, 0x00000000c5580000, 0x00000000eae00000)
  object space 77312K, 39% used [0x00000000c0a00000,0x00000000c27e7f38,0x00000000c5580000)
 Metaspace       used 64472K, capacity 68142K, committed 68352K, reserved 1107968K
  class space    used 8818K, capacity 9419K, committed 9472K, reserved 1048576K
Event: 128.756 GC heap after
Heap after GC invocations=17 (full 3):
 PSYoungGen      total 251392K, used 12086K [0x00000000eae00000, 0x00000000fbf00000, 0x0000000100000000)
  eden space 238592K, 0% used [0x00000000eae00000,0x00000000eae00000,0x00000000f9700000)
  from space 12800K, 94% used [0x00000000fb280000,0x00000000fbe4d988,0x00000000fbf00000)
  to   space 20480K, 0% used [0x00000000f9700000,0x00000000f9700000,0x00000000fab00000)
 ParOldGen       total 77312K, used 30631K [0x00000000c0a00000, 0x00000000c5580000, 0x00000000eae00000)
  object space 77312K, 39% used [0x00000000c0a00000,0x00000000c27e9f38,0x00000000c5580000)
 Metaspace       used 64472K, capacity 68142K, committed 68352K, reserved 1107968K
  class space    used 8818K, capacity 9419K, committed 9472K, reserved 1048576K
}

